<?xml version="1.0" encoding="UTF-8"?>
<!-- Generated by org.testng.reporters.JUnitReportReporter -->
<testsuite hostname="DESKTOP-71CLOBB" failures="0" tests="1" name="tests.BootkransferTicket" time="9.686" errors="0" timestamp="2022-08-27T01:52:05 EET" skipped="0">
  <testcase classname="tests.BootkransferTicket" name="bootkransferTicket" time="9.686"/>
  <system-out/>
</testsuite> <!-- tests.BootkransferTicket -->
