<?xml version="1.0" encoding="UTF-8"?>
<!-- Generated by org.testng.reporters.JUnitReportReporter -->
<testsuite hostname="DESKTOP-71CLOBB" failures="0" tests="1" name="tests.BooktransferTicket" time="20.101" errors="0" timestamp="2022-08-28T22:36:03 EET" skipped="0">
  <testcase classname="tests.BooktransferTicket" name="bootkransferTicket" time="20.101"/>
  <system-out/>
</testsuite> <!-- tests.BooktransferTicket -->
